[1101/064238.402:INFO:crash_reporting.cc(219)] Crash reporting enabled for process: browser
[1101/064238.551:WARNING:dns_config_service_win.cc(672)] Failed to read DnsConfig.
[1101/064238.557:INFO:gpu_process_host.cc(941)] [XWEB_LOG_GPU]  GPU process laucnched multi-process mode SUCCESS!!! gpu-process-pid:8572 gpu-process-sandbox:1
[1101/064238.602:INFO:crash_reporting.cc(219)] Crash reporting enabled for process: gpu-process
[1101/064239.425:INFO:crash_reporting.cc(219)] Crash reporting enabled for process: utility
[1101/064239.444:WARNING:dns_config_service_win.cc(672)] Failed to read DnsConfig.
[1101/064244.453:WARNING:dns_config_service_win.cc(672)] Failed to read DnsConfig.
[1101/064249.465:WARNING:dns_config_service_win.cc(672)] Failed to read DnsConfig.
[1101/064254.511:WARNING:dns_config_service_win.cc(672)] Failed to read DnsConfig.
[1101/064259.518:WARNING:dns_config_service_win.cc(672)] Failed to read DnsConfig.
[1101/064304.533:WARNING:dns_config_service_win.cc(672)] Failed to read DnsConfig.
[1101/064309.546:WARNING:dns_config_service_win.cc(672)] Failed to read DnsConfig.
[1101/064314.561:WARNING:dns_config_service_win.cc(672)] Failed to read DnsConfig.
[1101/064319.573:WARNING:dns_config_service_win.cc(672)] Failed to read DnsConfig.
[1101/064324.587:WARNING:dns_config_service_win.cc(672)] Failed to read DnsConfig.
[1101/064329.600:WARNING:dns_config_service_win.cc(672)] Failed to read DnsConfig.
[1101/064334.613:WARNING:dns_config_service_win.cc(672)] Failed to read DnsConfig.
[1101/064339.622:WARNING:dns_config_service_win.cc(672)] Failed to read DnsConfig.
[1101/064344.634:WARNING:dns_config_service_win.cc(672)] Failed to read DnsConfig.
[1101/064349.648:WARNING:dns_config_service_win.cc(672)] Failed to read DnsConfig.
[1101/064354.658:WARNING:dns_config_service_win.cc(672)] Failed to read DnsConfig.
[1101/064359.673:WARNING:dns_config_service_win.cc(672)] Failed to read DnsConfig.
[1101/064404.677:WARNING:dns_config_service_win.cc(672)] Failed to read DnsConfig.
[1101/064409.699:WARNING:dns_config_service_win.cc(672)] Failed to read DnsConfig.
[1101/064414.720:WARNING:dns_config_service_win.cc(672)] Failed to read DnsConfig.
[1101/064419.734:WARNING:dns_config_service_win.cc(672)] Failed to read DnsConfig.
[1101/064424.753:WARNING:dns_config_service_win.cc(672)] Failed to read DnsConfig.
[1101/064429.777:WARNING:dns_config_service_win.cc(672)] Failed to read DnsConfig.
[1101/064434.800:WARNING:dns_config_service_win.cc(672)] Failed to read DnsConfig.
[1101/064438.719:INFO:crash_reporting.cc(219)] Crash reporting enabled for process: gpu-process
[1101/064439.818:WARNING:dns_config_service_win.cc(672)] Failed to read DnsConfig.
[1101/064444.837:WARNING:dns_config_service_win.cc(672)] Failed to read DnsConfig.
[1101/064449.866:WARNING:dns_config_service_win.cc(672)] Failed to read DnsConfig.
[1101/064454.891:WARNING:dns_config_service_win.cc(672)] Failed to read DnsConfig.
[1101/064459.908:WARNING:dns_config_service_win.cc(672)] Failed to read DnsConfig.
[1101/064504.926:WARNING:dns_config_service_win.cc(672)] Failed to read DnsConfig.
[1101/064509.943:WARNING:dns_config_service_win.cc(672)] Failed to read DnsConfig.
[1101/064514.960:WARNING:dns_config_service_win.cc(672)] Failed to read DnsConfig.
[1101/064519.975:WARNING:dns_config_service_win.cc(672)] Failed to read DnsConfig.
[1101/064524.989:WARNING:dns_config_service_win.cc(672)] Failed to read DnsConfig.
[1101/064530.009:WARNING:dns_config_service_win.cc(672)] Failed to read DnsConfig.
[1101/064535.029:WARNING:dns_config_service_win.cc(672)] Failed to read DnsConfig.
[1101/064540.047:WARNING:dns_config_service_win.cc(672)] Failed to read DnsConfig.
[1101/064545.060:WARNING:dns_config_service_win.cc(672)] Failed to read DnsConfig.
[1101/064550.082:WARNING:dns_config_service_win.cc(672)] Failed to read DnsConfig.
[1101/064555.092:WARNING:dns_config_service_win.cc(672)] Failed to read DnsConfig.
[1101/064600.109:WARNING:dns_config_service_win.cc(672)] Failed to read DnsConfig.
[1101/064605.121:WARNING:dns_config_service_win.cc(672)] Failed to read DnsConfig.
[1101/064610.131:WARNING:dns_config_service_win.cc(672)] Failed to read DnsConfig.
[1101/064615.140:WARNING:dns_config_service_win.cc(672)] Failed to read DnsConfig.
[1101/064620.165:WARNING:dns_config_service_win.cc(672)] Failed to read DnsConfig.
[1101/064625.182:WARNING:dns_config_service_win.cc(672)] Failed to read DnsConfig.
[1101/064630.192:WARNING:dns_config_service_win.cc(672)] Failed to read DnsConfig.
[1101/064635.203:WARNING:dns_config_service_win.cc(672)] Failed to read DnsConfig.
[1101/064640.217:WARNING:dns_config_service_win.cc(672)] Failed to read DnsConfig.
[1101/064645.234:WARNING:dns_config_service_win.cc(672)] Failed to read DnsConfig.
[1101/064650.256:WARNING:dns_config_service_win.cc(672)] Failed to read DnsConfig.
[1101/064655.297:WARNING:dns_config_service_win.cc(672)] Failed to read DnsConfig.
[1101/064700.313:WARNING:dns_config_service_win.cc(672)] Failed to read DnsConfig.
[1101/064705.327:WARNING:dns_config_service_win.cc(672)] Failed to read DnsConfig.
[1101/064710.347:WARNING:dns_config_service_win.cc(672)] Failed to read DnsConfig.
[1101/064715.364:WARNING:dns_config_service_win.cc(672)] Failed to read DnsConfig.
[1101/064720.381:WARNING:dns_config_service_win.cc(672)] Failed to read DnsConfig.
[1101/064725.403:WARNING:dns_config_service_win.cc(672)] Failed to read DnsConfig.
[1101/064730.420:WARNING:dns_config_service_win.cc(672)] Failed to read DnsConfig.
[1101/064735.445:WARNING:dns_config_service_win.cc(672)] Failed to read DnsConfig.
[1101/064740.465:WARNING:dns_config_service_win.cc(672)] Failed to read DnsConfig.
[1101/064745.492:WARNING:dns_config_service_win.cc(672)] Failed to read DnsConfig.
[1101/064750.512:WARNING:dns_config_service_win.cc(672)] Failed to read DnsConfig.
[1101/064755.530:WARNING:dns_config_service_win.cc(672)] Failed to read DnsConfig.
[1101/064800.546:WARNING:dns_config_service_win.cc(672)] Failed to read DnsConfig.
[1101/064805.562:WARNING:dns_config_service_win.cc(672)] Failed to read DnsConfig.
[1101/064810.578:WARNING:dns_config_service_win.cc(672)] Failed to read DnsConfig.
[1101/064815.593:WARNING:dns_config_service_win.cc(672)] Failed to read DnsConfig.
[1101/064820.610:WARNING:dns_config_service_win.cc(672)] Failed to read DnsConfig.
[1101/064858.005:WARNING:dns_config_service_win.cc(672)] Failed to read DnsConfig.
[1101/064903.032:WARNING:dns_config_service_win.cc(672)] Failed to read DnsConfig.
[1101/075037.202:WARNING:dns_config_service_win.cc(672)] Failed to read DnsConfig.
[1101/095228.943:WARNING:dns_config_service_win.cc(672)] Failed to read DnsConfig.
[1101/095232.336:WARNING:dns_config_service_win.cc(672)] Failed to read DnsConfig.
[1101/095232.359:WARNING:dns_config_service_win.cc(672)] Failed to read DnsConfig.
[1101/095235.692:WARNING:dns_config_service_win.cc(672)] Failed to read DnsConfig.
[1101/095237.348:WARNING:dns_config_service_win.cc(672)] Failed to read DnsConfig.
[1101/095237.362:WARNING:dns_config_service_win.cc(672)] Failed to read DnsConfig.
[1101/095250.948:WARNING:dns_config_service_win.cc(672)] Failed to read DnsConfig.
[1101/095251.060:WARNING:dns_config_service_win.cc(672)] Failed to read DnsConfig.
[1101/095251.086:WARNING:dns_config_service_win.cc(672)] Failed to read DnsConfig.
[1101/113453.047:WARNING:dns_config_service_win.cc(672)] Failed to read DnsConfig.
[1101/121217.281:WARNING:dns_config_service_win.cc(672)] Failed to read DnsConfig.
[1101/121223.593:WARNING:dns_config_service_win.cc(672)] Failed to read DnsConfig.
[1101/121240.235:WARNING:dns_config_service_win.cc(672)] Failed to read DnsConfig.
[1101/121240.403:WARNING:dns_config_service_win.cc(672)] Failed to read DnsConfig.
[1101/121240.456:WARNING:dns_config_service_win.cc(672)] Failed to read DnsConfig.
[1101/121243.353:WARNING:dns_config_service_win.cc(672)] Failed to read DnsConfig.
[1101/121243.393:WARNING:dns_config_service_win.cc(672)] Failed to read DnsConfig.
[1101/124125.358:WARNING:dns_config_service_win.cc(672)] Failed to read DnsConfig.
[1101/124213.505:WARNING:dns_config_service_win.cc(672)] Failed to read DnsConfig.
[1101/124218.092:WARNING:dns_config_service_win.cc(672)] Failed to read DnsConfig.
[1101/124715.110:WARNING:dns_config_service_win.cc(672)] Failed to read DnsConfig.
[1101/134136.372:WARNING:dns_config_service_win.cc(672)] Failed to read DnsConfig.
[1101/140116.946:WARNING:dns_config_service_win.cc(672)] Failed to read DnsConfig.
[1101/150445.552:WARNING:dns_config_service_win.cc(672)] Failed to read DnsConfig.
[1101/150450.560:WARNING:dns_config_service_win.cc(672)] Failed to read DnsConfig.
[1101/150516.123:WARNING:dns_config_service_win.cc(672)] Failed to read DnsConfig.
[1101/154255.262:WARNING:dns_config_service_win.cc(672)] Failed to read DnsConfig.
[1101/154314.040:WARNING:dns_config_service_win.cc(672)] Failed to read DnsConfig.
[1101/180711.666:WARNING:dns_config_service_win.cc(672)] Failed to read DnsConfig.
[1101/183427.509:WARNING:angle_platform_impl.cc(45)] compileToBinary(256): 
C:\fakepath(75,10-46): warning X3571: pow(f, e) will not work for negative f, use abs(f) or conditionally handle negative values if you expect them
C:\fakepath(98,10-46): warning X3571: pow(f, e) will not work for negative f, use abs(f) or conditionally handle negative values if you expect them

[1101/184442.851:WARNING:dns_config_service_win.cc(672)] Failed to read DnsConfig.
[1101/185244.615:WARNING:dns_config_service_win.cc(672)] Failed to read DnsConfig.
[1101/185256.051:WARNING:dns_config_service_win.cc(672)] Failed to read DnsConfig.
[1101/185335.136:WARNING:dns_config_service_win.cc(672)] Failed to read DnsConfig.
[1101/185335.289:WARNING:dns_config_service_win.cc(672)] Failed to read DnsConfig.
[1101/202405.468:WARNING:dns_config_service_win.cc(672)] Failed to read DnsConfig.
[1102/055515.215:WARNING:dns_config_service_win.cc(672)] Failed to read DnsConfig.
[1102/055520.262:WARNING:dns_config_service_win.cc(672)] Failed to read DnsConfig.
[1102/055521.783:WARNING:dns_config_service_win.cc(672)] Failed to read DnsConfig.
[1102/055525.360:WARNING:dns_config_service_win.cc(672)] Failed to read DnsConfig.
[1102/055526.799:WARNING:dns_config_service_win.cc(672)] Failed to read DnsConfig.
[1102/055530.380:WARNING:dns_config_service_win.cc(672)] Failed to read DnsConfig.
[1102/055531.809:WARNING:dns_config_service_win.cc(672)] Failed to read DnsConfig.
[1102/055535.391:WARNING:dns_config_service_win.cc(672)] Failed to read DnsConfig.
[1102/055536.830:WARNING:dns_config_service_win.cc(672)] Failed to read DnsConfig.
[1102/055540.405:WARNING:dns_config_service_win.cc(672)] Failed to read DnsConfig.
[1102/055541.847:WARNING:dns_config_service_win.cc(672)] Failed to read DnsConfig.
[1102/055545.428:WARNING:dns_config_service_win.cc(672)] Failed to read DnsConfig.
[1102/055546.871:WARNING:dns_config_service_win.cc(672)] Failed to read DnsConfig.
[1102/055550.443:WARNING:dns_config_service_win.cc(672)] Failed to read DnsConfig.
[1102/055551.879:WARNING:dns_config_service_win.cc(672)] Failed to read DnsConfig.
[1102/055555.452:WARNING:dns_config_service_win.cc(672)] Failed to read DnsConfig.
[1102/055556.891:WARNING:dns_config_service_win.cc(672)] Failed to read DnsConfig.
[1102/055600.460:WARNING:dns_config_service_win.cc(672)] Failed to read DnsConfig.
[1102/055601.911:WARNING:dns_config_service_win.cc(672)] Failed to read DnsConfig.
[1102/055605.474:WARNING:dns_config_service_win.cc(672)] Failed to read DnsConfig.
[1102/055606.918:WARNING:dns_config_service_win.cc(672)] Failed to read DnsConfig.
[1102/055610.487:WARNING:dns_config_service_win.cc(672)] Failed to read DnsConfig.
[1102/055611.937:WARNING:dns_config_service_win.cc(672)] Failed to read DnsConfig.
[1102/055615.506:WARNING:dns_config_service_win.cc(672)] Failed to read DnsConfig.
[1102/055616.950:WARNING:dns_config_service_win.cc(672)] Failed to read DnsConfig.
[1102/055620.521:WARNING:dns_config_service_win.cc(672)] Failed to read DnsConfig.
[1102/055621.961:WARNING:dns_config_service_win.cc(672)] Failed to read DnsConfig.
[1102/055625.175:WARNING:dns_config_service_win.cc(672)] Failed to read DnsConfig.
[1102/055625.530:WARNING:dns_config_service_win.cc(672)] Failed to read DnsConfig.
[1102/063943.509:WARNING:dns_config_service_win.cc(672)] Failed to read DnsConfig.
[1102/075455.089:WARNING:dns_config_service_win.cc(672)] Failed to read DnsConfig.
[1102/075717.104:WARNING:dns_config_service_win.cc(672)] Failed to read DnsConfig.
[1102/075717.240:WARNING:dns_config_service_win.cc(672)] Failed to read DnsConfig.
[1102/095120.740:WARNING:dns_config_service_win.cc(672)] Failed to read DnsConfig.
[1102/100356.086:WARNING:dns_config_service_win.cc(672)] Failed to read DnsConfig.
[1102/100357.122:WARNING:dns_config_service_win.cc(672)] Failed to read DnsConfig.
[1102/120002.389:WARNING:dns_config_service_win.cc(672)] Failed to read DnsConfig.
[1102/120002.603:WARNING:dns_config_service_win.cc(672)] Failed to read DnsConfig.
[1102/120002.682:WARNING:dns_config_service_win.cc(672)] Failed to read DnsConfig.
[1102/120034.901:WARNING:dns_config_service_win.cc(672)] Failed to read DnsConfig.
[1102/120039.922:WARNING:dns_config_service_win.cc(672)] Failed to read DnsConfig.
[1102/120113.275:WARNING:dns_config_service_win.cc(672)] Failed to read DnsConfig.
[1102/144537.477:WARNING:dns_config_service_win.cc(672)] Failed to read DnsConfig.
[1102/144546.851:WARNING:dns_config_service_win.cc(672)] Failed to read DnsConfig.
[1102/144906.378:WARNING:dns_config_service_win.cc(672)] Failed to read DnsConfig.
[1102/144906.752:WARNING:dns_config_service_win.cc(672)] Failed to read DnsConfig.
[1102/144906.859:WARNING:dns_config_service_win.cc(672)] Failed to read DnsConfig.
[1102/144907.235:WARNING:dns_config_service_win.cc(672)] Failed to read DnsConfig.
[1102/174909.091:WARNING:dns_config_service_win.cc(672)] Failed to read DnsConfig.
[1102/174910.705:WARNING:dns_config_service_win.cc(672)] Failed to read DnsConfig.
[1102/174911.403:WARNING:dns_config_service_win.cc(672)] Failed to read DnsConfig.
[1103/080049.049:WARNING:dns_config_service_win.cc(672)] Failed to read DnsConfig.
[1103/093208.838:WARNING:dns_config_service_win.cc(672)] Failed to read DnsConfig.
[1103/093209.041:WARNING:dns_config_service_win.cc(672)] Failed to read DnsConfig.
[1103/093742.664:WARNING:dns_config_service_win.cc(672)] Failed to read DnsConfig.
[1103/100529.557:WARNING:dns_config_service_win.cc(672)] Failed to read DnsConfig.
[1103/100540.344:WARNING:dns_config_service_win.cc(672)] Failed to read DnsConfig.
[1103/100540.453:WARNING:dns_config_service_win.cc(672)] Failed to read DnsConfig.
[1103/120053.323:WARNING:dns_config_service_win.cc(672)] Failed to read DnsConfig.
[1103/140107.992:WARNING:dns_config_service_win.cc(672)] Failed to read DnsConfig.
[1103/140110.408:WARNING:dns_config_service_win.cc(672)] Failed to read DnsConfig.
[1103/140111.484:WARNING:dns_config_service_win.cc(672)] Failed to read DnsConfig.
[1103/140113.029:WARNING:dns_config_service_win.cc(672)] Failed to read DnsConfig.
[1103/140843.859:WARNING:dns_config_service_win.cc(672)] Failed to read DnsConfig.
[1103/140843.991:WARNING:dns_config_service_win.cc(672)] Failed to read DnsConfig.
[1103/140844.006:WARNING:dns_config_service_win.cc(672)] Failed to read DnsConfig.
[1103/155110.072:WARNING:dns_config_service_win.cc(672)] Failed to read DnsConfig.
[1103/155115.092:WARNING:dns_config_service_win.cc(672)] Failed to read DnsConfig.
[1103/185118.348:WARNING:dns_config_service_win.cc(672)] Failed to read DnsConfig.
[1103/185120.428:WARNING:dns_config_service_win.cc(672)] Failed to read DnsConfig.
[1103/185123.354:WARNING:dns_config_service_win.cc(672)] Failed to read DnsConfig.
[1103/185125.446:WARNING:dns_config_service_win.cc(672)] Failed to read DnsConfig.
[1104/080751.307:WARNING:dns_config_service_win.cc(672)] Failed to read DnsConfig.
[1104/102113.010:WARNING:dns_config_service_win.cc(672)] Failed to read DnsConfig.
[1104/102113.141:WARNING:dns_config_service_win.cc(672)] Failed to read DnsConfig.
[1104/102113.157:WARNING:dns_config_service_win.cc(672)] Failed to read DnsConfig.
[1104/120002.489:WARNING:dns_config_service_win.cc(672)] Failed to read DnsConfig.
[1104/160733.331:WARNING:dns_config_service_win.cc(672)] Failed to read DnsConfig.
[1104/160744.964:WARNING:dns_config_service_win.cc(672)] Failed to read DnsConfig.
[1104/160913.182:WARNING:dns_config_service_win.cc(672)] Failed to read DnsConfig.
[1104/160918.192:WARNING:dns_config_service_win.cc(672)] Failed to read DnsConfig.
[1104/160923.202:WARNING:dns_config_service_win.cc(672)] Failed to read DnsConfig.
[1104/160928.217:WARNING:dns_config_service_win.cc(672)] Failed to read DnsConfig.
[1104/160933.232:WARNING:dns_config_service_win.cc(672)] Failed to read DnsConfig.
[1104/160938.244:WARNING:dns_config_service_win.cc(672)] Failed to read DnsConfig.
[1104/160943.257:WARNING:dns_config_service_win.cc(672)] Failed to read DnsConfig.
[1104/160948.268:WARNING:dns_config_service_win.cc(672)] Failed to read DnsConfig.
[1104/160953.277:WARNING:dns_config_service_win.cc(672)] Failed to read DnsConfig.
[1104/160958.282:WARNING:dns_config_service_win.cc(672)] Failed to read DnsConfig.
[1104/161003.301:WARNING:dns_config_service_win.cc(672)] Failed to read DnsConfig.
[1104/161008.314:WARNING:dns_config_service_win.cc(672)] Failed to read DnsConfig.
[1104/161013.319:WARNING:dns_config_service_win.cc(672)] Failed to read DnsConfig.
[1104/161018.325:WARNING:dns_config_service_win.cc(672)] Failed to read DnsConfig.
[1104/161023.357:WARNING:dns_config_service_win.cc(672)] Failed to read DnsConfig.
[1104/161028.378:WARNING:dns_config_service_win.cc(672)] Failed to read DnsConfig.
[1104/161033.395:WARNING:dns_config_service_win.cc(672)] Failed to read DnsConfig.
[1104/161038.417:WARNING:dns_config_service_win.cc(672)] Failed to read DnsConfig.
[1104/161043.449:WARNING:dns_config_service_win.cc(672)] Failed to read DnsConfig.
[1104/161048.471:WARNING:dns_config_service_win.cc(672)] Failed to read DnsConfig.
[1104/161053.506:WARNING:dns_config_service_win.cc(672)] Failed to read DnsConfig.
[1104/161058.523:WARNING:dns_config_service_win.cc(672)] Failed to read DnsConfig.
[1104/161103.535:WARNING:dns_config_service_win.cc(672)] Failed to read DnsConfig.
[1104/161108.555:WARNING:dns_config_service_win.cc(672)] Failed to read DnsConfig.
[1104/161113.580:WARNING:dns_config_service_win.cc(672)] Failed to read DnsConfig.
[1104/161118.609:WARNING:dns_config_service_win.cc(672)] Failed to read DnsConfig.
[1104/161123.628:WARNING:dns_config_service_win.cc(672)] Failed to read DnsConfig.
[1104/161128.649:WARNING:dns_config_service_win.cc(672)] Failed to read DnsConfig.
[1104/161133.668:WARNING:dns_config_service_win.cc(672)] Failed to read DnsConfig.
[1104/161138.686:WARNING:dns_config_service_win.cc(672)] Failed to read DnsConfig.
[1104/161143.699:WARNING:dns_config_service_win.cc(672)] Failed to read DnsConfig.
[1104/161148.712:WARNING:dns_config_service_win.cc(672)] Failed to read DnsConfig.
[1104/161153.745:WARNING:dns_config_service_win.cc(672)] Failed to read DnsConfig.
[1104/161158.767:WARNING:dns_config_service_win.cc(672)] Failed to read DnsConfig.
[1104/161203.787:WARNING:dns_config_service_win.cc(672)] Failed to read DnsConfig.
[1104/161208.815:WARNING:dns_config_service_win.cc(672)] Failed to read DnsConfig.
[1104/161213.844:WARNING:dns_config_service_win.cc(672)] Failed to read DnsConfig.
[1104/161218.860:WARNING:dns_config_service_win.cc(672)] Failed to read DnsConfig.
[1104/161223.880:WARNING:dns_config_service_win.cc(672)] Failed to read DnsConfig.
[1104/161228.899:WARNING:dns_config_service_win.cc(672)] Failed to read DnsConfig.
[1104/161233.920:WARNING:dns_config_service_win.cc(672)] Failed to read DnsConfig.
[1104/161238.938:WARNING:dns_config_service_win.cc(672)] Failed to read DnsConfig.
[1104/161243.970:WARNING:dns_config_service_win.cc(672)] Failed to read DnsConfig.
[1104/161248.994:WARNING:dns_config_service_win.cc(672)] Failed to read DnsConfig.
[1104/161254.013:WARNING:dns_config_service_win.cc(672)] Failed to read DnsConfig.
[1104/161259.042:WARNING:dns_config_service_win.cc(672)] Failed to read DnsConfig.
[1104/161304.065:WARNING:dns_config_service_win.cc(672)] Failed to read DnsConfig.
[1104/161309.092:WARNING:dns_config_service_win.cc(672)] Failed to read DnsConfig.
[1104/161314.125:WARNING:dns_config_service_win.cc(672)] Failed to read DnsConfig.
[1104/161319.153:WARNING:dns_config_service_win.cc(672)] Failed to read DnsConfig.
[1104/161324.178:WARNING:dns_config_service_win.cc(672)] Failed to read DnsConfig.
[1104/161329.198:WARNING:dns_config_service_win.cc(672)] Failed to read DnsConfig.
[1104/161334.221:WARNING:dns_config_service_win.cc(672)] Failed to read DnsConfig.
[1104/161339.243:WARNING:dns_config_service_win.cc(672)] Failed to read DnsConfig.
[1104/161344.259:WARNING:dns_config_service_win.cc(672)] Failed to read DnsConfig.
[1104/161349.282:WARNING:dns_config_service_win.cc(672)] Failed to read DnsConfig.
[1104/161354.311:WARNING:dns_config_service_win.cc(672)] Failed to read DnsConfig.
[1104/161359.319:WARNING:dns_config_service_win.cc(672)] Failed to read DnsConfig.
[1104/161404.347:WARNING:dns_config_service_win.cc(672)] Failed to read DnsConfig.
[1104/161409.367:WARNING:dns_config_service_win.cc(672)] Failed to read DnsConfig.
[1104/161414.401:WARNING:dns_config_service_win.cc(672)] Failed to read DnsConfig.
[1104/161419.430:WARNING:dns_config_service_win.cc(672)] Failed to read DnsConfig.
[1104/161424.456:WARNING:dns_config_service_win.cc(672)] Failed to read DnsConfig.
[1104/161429.479:WARNING:dns_config_service_win.cc(672)] Failed to read DnsConfig.
[1104/161434.492:WARNING:dns_config_service_win.cc(672)] Failed to read DnsConfig.
[1104/161439.514:WARNING:dns_config_service_win.cc(672)] Failed to read DnsConfig.
[1104/161444.540:WARNING:dns_config_service_win.cc(672)] Failed to read DnsConfig.
[1104/161449.565:WARNING:dns_config_service_win.cc(672)] Failed to read DnsConfig.
[1104/161454.587:WARNING:dns_config_service_win.cc(672)] Failed to read DnsConfig.
[1104/161459.611:WARNING:dns_config_service_win.cc(672)] Failed to read DnsConfig.
[1104/161504.638:WARNING:dns_config_service_win.cc(672)] Failed to read DnsConfig.
[1104/161509.659:WARNING:dns_config_service_win.cc(672)] Failed to read DnsConfig.
[1104/161759.070:WARNING:dns_config_service_win.cc(672)] Failed to read DnsConfig.
[1104/161759.266:WARNING:dns_config_service_win.cc(672)] Failed to read DnsConfig.
[1104/170537.637:WARNING:dns_config_service_win.cc(672)] Failed to read DnsConfig.
[1104/174604.569:WARNING:dns_config_service_win.cc(672)] Failed to read DnsConfig.
[1104/174606.680:WARNING:dns_config_service_win.cc(672)] Failed to read DnsConfig.
[1104/183247.874:WARNING:dns_config_service_win.cc(672)] Failed to read DnsConfig.
[1104/183252.744:WARNING:dns_config_service_win.cc(672)] Failed to read DnsConfig.
[1104/183252.799:WARNING:dns_config_service_win.cc(672)] Failed to read DnsConfig.
[1104/183252.860:WARNING:dns_config_service_win.cc(672)] Failed to read DnsConfig.
[1104/183252.895:WARNING:dns_config_service_win.cc(672)] Failed to read DnsConfig.
[1104/183757.152:WARNING:dns_config_service_win.cc(672)] Failed to read DnsConfig.
[1104/185154.551:WARNING:dns_config_service_win.cc(672)] Failed to read DnsConfig.
[1104/185156.542:WARNING:dns_config_service_win.cc(672)] Failed to read DnsConfig.
[1104/185337.020:WARNING:dns_config_service_win.cc(672)] Failed to read DnsConfig.
[1104/185337.189:WARNING:dns_config_service_win.cc(672)] Failed to read DnsConfig.
[1104/203138.242:WARNING:dns_config_service_win.cc(672)] Failed to read DnsConfig.
[1104/203143.259:WARNING:dns_config_service_win.cc(672)] Failed to read DnsConfig.
[1104/232332.274:WARNING:dns_config_service_win.cc(672)] Failed to read DnsConfig.
[1105/022337.443:WARNING:dns_config_service_win.cc(672)] Failed to read DnsConfig.
[1105/080018.085:WARNING:dns_config_service_win.cc(672)] Failed to read DnsConfig.
[1105/080020.250:WARNING:dns_config_service_win.cc(672)] Failed to read DnsConfig.
[1105/080408.735:WARNING:dns_config_service_win.cc(672)] Failed to read DnsConfig.
[1105/080408.896:WARNING:dns_config_service_win.cc(672)] Failed to read DnsConfig.
[1105/080408.903:WARNING:dns_config_service_win.cc(672)] Failed to read DnsConfig.
[1105/080408.930:WARNING:dns_config_service_win.cc(672)] Failed to read DnsConfig.
[1105/080408.953:WARNING:dns_config_service_win.cc(672)] Failed to read DnsConfig.
[1105/093717.326:WARNING:spdy_session.cc(3306)] Received HEADERS for invalid stream 9
[1105/093824.956:WARNING:spdy_session.cc(3306)] Received HEADERS for invalid stream 109
[1105/093824.957:WARNING:spdy_session.cc(3306)] Received HEADERS for invalid stream 15
[1105/093824.958:WARNING:spdy_session.cc(3249)] Received WINDOW_UPDATE for invalid stream 59
[1105/093824.958:WARNING:spdy_session.cc(3306)] Received HEADERS for invalid stream 59
[1105/093833.548:WARNING:spdy_session.cc(3306)] Received HEADERS for invalid stream 63
[1105/094034.008:WARNING:spdy_session.cc(3029)] Received RST for invalid stream1
[1105/094034.008:WARNING:spdy_session.cc(3029)] Received RST for invalid stream3
[1105/095213.563:WARNING:dns_config_service_win.cc(672)] Failed to read DnsConfig.
[1105/102445.600:WARNING:dns_config_service_win.cc(672)] Failed to read DnsConfig.
[1105/102447.417:WARNING:dns_config_service_win.cc(672)] Failed to read DnsConfig.
[1105/103616.359:WARNING:dns_config_service_win.cc(672)] Failed to read DnsConfig.
[1105/103616.596:WARNING:dns_config_service_win.cc(672)] Failed to read DnsConfig.
[1105/103616.631:WARNING:dns_config_service_win.cc(672)] Failed to read DnsConfig.
