[1108/130253.779:INFO:crash_reporting.cc(219)] Crash reporting enabled for process: browser
[1108/130253.861:INFO:gpu_process_host.cc(941)] [XWEB_LOG_GPU]  GPU process laucnched multi-process mode SUCCESS!!! gpu-process-pid:24680 gpu-process-sandbox:1
[1108/130253.906:INFO:crash_reporting.cc(219)] Crash reporting enabled for process: gpu-process
[1108/130254.155:INFO:crash_reporting.cc(219)] Crash reporting enabled for process: utility
[1108/130454.034:INFO:crash_reporting.cc(219)] Crash reporting enabled for process: gpu-process
[1108/134915.988:WARNING:dns_config_service_win.cc(672)] Failed to read DnsConfig.
[1108/135848.039:WARNING:dns_config_service_win.cc(672)] Failed to read DnsConfig.
[1108/135853.057:WARNING:dns_config_service_win.cc(672)] Failed to read DnsConfig.
[1108/135853.305:WARNING:dns_config_service_win.cc(672)] Failed to read DnsConfig.
[1108/145000.233:WARNING:dns_config_service_win.cc(672)] Failed to read DnsConfig.
[1108/145000.539:WARNING:dns_config_service_win.cc(672)] Failed to read DnsConfig.
[1108/150149.695:WARNING:dns_config_service_win.cc(672)] Failed to read DnsConfig.
[1108/151017.286:WARNING:dns_config_service_win.cc(672)] Failed to read DnsConfig.
[1108/155048.948:WARNING:dns_config_service_win.cc(672)] Failed to read DnsConfig.
[1108/162125.983:WARNING:dns_config_service_win.cc(672)] Failed to read DnsConfig.
[1108/185159.712:WARNING:dns_config_service_win.cc(672)] Failed to read DnsConfig.
[1108/185202.227:WARNING:dns_config_service_win.cc(672)] Failed to read DnsConfig.
[1108/185208.617:WARNING:dns_config_service_win.cc(672)] Failed to read DnsConfig.
[1108/185718.445:WARNING:dns_config_service_win.cc(672)] Failed to read DnsConfig.
[1108/185718.596:WARNING:dns_config_service_win.cc(672)] Failed to read DnsConfig.
[1108/185718.680:WARNING:dns_config_service_win.cc(672)] Failed to read DnsConfig.
[1108/185718.772:WARNING:dns_config_service_win.cc(672)] Failed to read DnsConfig.
[1108/203031.194:WARNING:dns_config_service_win.cc(672)] Failed to read DnsConfig.
[1108/233035.064:WARNING:dns_config_service_win.cc(672)] Failed to read DnsConfig.
[1109/075552.582:WARNING:dns_config_service_win.cc(672)] Failed to read DnsConfig.
[1109/075554.663:WARNING:dns_config_service_win.cc(672)] Failed to read DnsConfig.
[1109/075555.295:WARNING:dns_config_service_win.cc(672)] Failed to read DnsConfig.
[1109/080150.823:WARNING:dns_config_service_win.cc(672)] Failed to read DnsConfig.
[1109/080151.083:WARNING:dns_config_service_win.cc(672)] Failed to read DnsConfig.
[1109/080151.121:WARNING:dns_config_service_win.cc(672)] Failed to read DnsConfig.
[1109/094758.721:WARNING:dns_config_service_win.cc(672)] Failed to read DnsConfig.
[1109/094758.941:WARNING:dns_config_service_win.cc(672)] Failed to read DnsConfig.
[1109/094758.995:WARNING:dns_config_service_win.cc(672)] Failed to read DnsConfig.
[1109/094759.006:WARNING:dns_config_service_win.cc(672)] Failed to read DnsConfig.
[1109/094759.502:WARNING:dns_config_service_win.cc(672)] Failed to read DnsConfig.
[1109/095838.195:WARNING:dns_config_service_win.cc(672)] Failed to read DnsConfig.
[1109/095847.845:WARNING:dns_config_service_win.cc(672)] Failed to read DnsConfig.
[1109/120023.627:WARNING:dns_config_service_win.cc(672)] Failed to read DnsConfig.
[1109/150027.393:WARNING:dns_config_service_win.cc(672)] Failed to read DnsConfig.
[1109/150032.408:WARNING:dns_config_service_win.cc(672)] Failed to read DnsConfig.
[1109/151246.891:WARNING:dns_config_service_win.cc(672)] Failed to read DnsConfig.
[1109/151252.939:WARNING:dns_config_service_win.cc(672)] Failed to read DnsConfig.
[1109/151307.021:WARNING:dns_config_service_win.cc(672)] Failed to read DnsConfig.
[1109/151312.037:WARNING:dns_config_service_win.cc(672)] Failed to read DnsConfig.
[1109/162900.898:WARNING:dns_config_service_win.cc(672)] Failed to read DnsConfig.
[1109/185428.712:WARNING:dns_config_service_win.cc(672)] Failed to read DnsConfig.
[1109/185429.314:WARNING:dns_config_service_win.cc(672)] Failed to read DnsConfig.
[1109/215433.106:WARNING:dns_config_service_win.cc(672)] Failed to read DnsConfig.
[1110/075659.441:WARNING:dns_config_service_win.cc(672)] Failed to read DnsConfig.
[1110/075715.218:WARNING:dns_config_service_win.cc(672)] Failed to read DnsConfig.
[1110/075715.489:WARNING:dns_config_service_win.cc(672)] Failed to read DnsConfig.
[1110/095235.806:WARNING:dns_config_service_win.cc(672)] Failed to read DnsConfig.
[1110/125238.513:WARNING:dns_config_service_win.cc(672)] Failed to read DnsConfig.
[1110/125240.720:WARNING:dns_config_service_win.cc(672)] Failed to read DnsConfig.
[1110/140840.405:WARNING:dns_config_service_win.cc(672)] Failed to read DnsConfig.
[1110/140846.146:WARNING:dns_config_service_win.cc(672)] Failed to read DnsConfig.
[1110/150045.744:WARNING:dns_config_service_win.cc(672)] Failed to read DnsConfig.
[1110/150045.980:WARNING:dns_config_service_win.cc(672)] Failed to read DnsConfig.
[1110/155224.944:WARNING:dns_config_service_win.cc(672)] Failed to read DnsConfig.
[1110/185228.594:WARNING:dns_config_service_win.cc(672)] Failed to read DnsConfig.
[1111/075740.491:WARNING:dns_config_service_win.cc(672)] Failed to read DnsConfig.
[1111/075747.656:WARNING:dns_config_service_win.cc(672)] Failed to read DnsConfig.
[1111/083523.002:WARNING:dns_config_service_win.cc(672)] Failed to read DnsConfig.
[1111/083523.131:WARNING:dns_config_service_win.cc(672)] Failed to read DnsConfig.
[1111/083523.166:WARNING:dns_config_service_win.cc(672)] Failed to read DnsConfig.
[1111/095153.145:WARNING:dns_config_service_win.cc(672)] Failed to read DnsConfig.
[1111/120024.762:WARNING:dns_config_service_win.cc(672)] Failed to read DnsConfig.
[1111/150029.249:WARNING:dns_config_service_win.cc(672)] Failed to read DnsConfig.
[1111/153320.616:WARNING:dns_config_service_win.cc(672)] Failed to read DnsConfig.
[1111/153324.131:WARNING:dns_config_service_win.cc(672)] Failed to read DnsConfig.
[1111/153324.150:WARNING:dns_config_service_win.cc(672)] Failed to read DnsConfig.
[1111/160137.469:WARNING:dns_config_service_win.cc(672)] Failed to read DnsConfig.
[1111/160138.938:WARNING:dns_config_service_win.cc(672)] Failed to read DnsConfig.
[1111/184922.803:WARNING:dns_config_service_win.cc(672)] Failed to read DnsConfig.
[1111/184923.676:WARNING:dns_config_service_win.cc(672)] Failed to read DnsConfig.
[1111/184949.048:WARNING:dns_config_service_win.cc(672)] Failed to read DnsConfig.
[1111/184949.161:WARNING:dns_config_service_win.cc(672)] Failed to read DnsConfig.
[1111/184949.171:WARNING:dns_config_service_win.cc(672)] Failed to read DnsConfig.
[1111/184949.202:WARNING:dns_config_service_win.cc(672)] Failed to read DnsConfig.
[1111/202523.748:WARNING:dns_config_service_win.cc(672)] Failed to read DnsConfig.
[1111/202523.976:WARNING:dns_config_service_win.cc(672)] Failed to read DnsConfig.
[1111/202524.002:WARNING:dns_config_service_win.cc(672)] Failed to read DnsConfig.
[1111/202524.172:WARNING:dns_config_service_win.cc(672)] Failed to read DnsConfig.
[1111/202524.338:WARNING:dns_config_service_win.cc(672)] Failed to read DnsConfig.
[1111/202524.572:WARNING:dns_config_service_win.cc(672)] Failed to read DnsConfig.
[1111/232527.857:WARNING:dns_config_service_win.cc(672)] Failed to read DnsConfig.
[1112/075255.963:WARNING:dns_config_service_win.cc(672)] Failed to read DnsConfig.
[1112/075256.676:WARNING:dns_config_service_win.cc(672)] Failed to read DnsConfig.
[1112/075321.453:WARNING:dns_config_service_win.cc(672)] Failed to read DnsConfig.
[1112/075326.471:WARNING:dns_config_service_win.cc(672)] Failed to read DnsConfig.
[1112/075331.483:WARNING:dns_config_service_win.cc(672)] Failed to read DnsConfig.
[1112/075336.496:WARNING:dns_config_service_win.cc(672)] Failed to read DnsConfig.
[1112/075341.507:WARNING:dns_config_service_win.cc(672)] Failed to read DnsConfig.
[1112/075346.527:WARNING:dns_config_service_win.cc(672)] Failed to read DnsConfig.
[1112/075431.792:WARNING:dns_config_service_win.cc(672)] Failed to read DnsConfig.
[1112/080006.870:WARNING:dns_config_service_win.cc(672)] Failed to read DnsConfig.
[1112/080007.111:WARNING:dns_config_service_win.cc(672)] Failed to read DnsConfig.
[1112/080007.177:WARNING:dns_config_service_win.cc(672)] Failed to read DnsConfig.
[1112/094947.185:WARNING:dns_config_service_win.cc(672)] Failed to read DnsConfig.
[1112/104246.415:WARNING:dns_config_service_win.cc(672)] Failed to read DnsConfig.
[1112/104246.481:WARNING:dns_config_service_win.cc(672)] Failed to read DnsConfig.
[1112/104248.163:WARNING:dns_config_service_win.cc(672)] Failed to read DnsConfig.
[1112/104248.768:WARNING:dns_config_service_win.cc(672)] Failed to read DnsConfig.
[1112/104251.430:WARNING:dns_config_service_win.cc(672)] Failed to read DnsConfig.
[1112/104251.492:WARNING:dns_config_service_win.cc(672)] Failed to read DnsConfig.
[1112/104253.171:WARNING:dns_config_service_win.cc(672)] Failed to read DnsConfig.
[1112/112741.630:WARNING:dns_config_service_win.cc(672)] Failed to read DnsConfig.
[1112/125840.595:WARNING:dns_config_service_win.cc(672)] Failed to read DnsConfig.
[1112/125841.028:WARNING:dns_config_service_win.cc(672)] Failed to read DnsConfig.
[1112/125841.126:WARNING:dns_config_service_win.cc(672)] Failed to read DnsConfig.
[1112/125842.807:WARNING:dns_config_service_win.cc(672)] Failed to read DnsConfig.
[1112/125843.626:WARNING:dns_config_service_win.cc(672)] Failed to read DnsConfig.
[1112/125843.771:WARNING:dns_config_service_win.cc(672)] Failed to read DnsConfig.
[1112/125845.601:WARNING:dns_config_service_win.cc(672)] Failed to read DnsConfig.
[1112/125846.041:WARNING:dns_config_service_win.cc(672)] Failed to read DnsConfig.
[1112/125846.144:WARNING:dns_config_service_win.cc(672)] Failed to read DnsConfig.
[1112/125909.071:WARNING:dns_config_service_win.cc(672)] Failed to read DnsConfig.
[1112/125909.250:WARNING:dns_config_service_win.cc(672)] Failed to read DnsConfig.
[1112/125909.272:WARNING:dns_config_service_win.cc(672)] Failed to read DnsConfig.
[1112/125909.288:WARNING:dns_config_service_win.cc(672)] Failed to read DnsConfig.
[1112/125909.293:WARNING:dns_config_service_win.cc(672)] Failed to read DnsConfig.
[1112/125909.312:WARNING:dns_config_service_win.cc(672)] Failed to read DnsConfig.
[1112/130642.679:WARNING:dns_config_service_win.cc(672)] Failed to read DnsConfig.
[1112/130643.617:WARNING:dns_config_service_win.cc(672)] Failed to read DnsConfig.
[1112/130643.667:WARNING:dns_config_service_win.cc(672)] Failed to read DnsConfig.
[1112/130643.707:WARNING:dns_config_service_win.cc(672)] Failed to read DnsConfig.
[1112/133750.501:WARNING:dns_config_service_win.cc(672)] Failed to read DnsConfig.
[1112/133752.786:WARNING:dns_config_service_win.cc(672)] Failed to read DnsConfig.
[1112/133752.801:WARNING:dns_config_service_win.cc(672)] Failed to read DnsConfig.
[1112/134116.878:WARNING:dns_config_service_win.cc(672)] Failed to read DnsConfig.
[1112/134117.139:WARNING:dns_config_service_win.cc(672)] Failed to read DnsConfig.
[1112/134117.162:WARNING:dns_config_service_win.cc(672)] Failed to read DnsConfig.
[1112/134117.645:WARNING:dns_config_service_win.cc(672)] Failed to read DnsConfig.
[1112/164119.024:WARNING:dns_config_service_win.cc(672)] Failed to read DnsConfig.
[1112/164121.396:WARNING:dns_config_service_win.cc(672)] Failed to read DnsConfig.
[1112/164122.137:WARNING:dns_config_service_win.cc(672)] Failed to read DnsConfig.
[1114/091427.376:WARNING:dns_config_service_win.cc(672)] Failed to read DnsConfig.
[1114/091432.386:WARNING:dns_config_service_win.cc(672)] Failed to read DnsConfig.
[1114/091437.397:WARNING:dns_config_service_win.cc(672)] Failed to read DnsConfig.
[1114/091442.411:WARNING:dns_config_service_win.cc(672)] Failed to read DnsConfig.
[1114/091447.426:WARNING:dns_config_service_win.cc(672)] Failed to read DnsConfig.
[1114/091452.445:WARNING:dns_config_service_win.cc(672)] Failed to read DnsConfig.
[1114/091457.461:WARNING:dns_config_service_win.cc(672)] Failed to read DnsConfig.
[1114/091502.471:WARNING:dns_config_service_win.cc(672)] Failed to read DnsConfig.
[1114/091507.477:WARNING:dns_config_service_win.cc(672)] Failed to read DnsConfig.
[1114/091512.485:WARNING:dns_config_service_win.cc(672)] Failed to read DnsConfig.
[1114/091517.502:WARNING:dns_config_service_win.cc(672)] Failed to read DnsConfig.
[1114/091522.510:WARNING:dns_config_service_win.cc(672)] Failed to read DnsConfig.
[1114/091527.517:WARNING:dns_config_service_win.cc(672)] Failed to read DnsConfig.
[1114/091532.522:WARNING:dns_config_service_win.cc(672)] Failed to read DnsConfig.
[1114/091537.531:WARNING:dns_config_service_win.cc(672)] Failed to read DnsConfig.
[1114/091542.546:WARNING:dns_config_service_win.cc(672)] Failed to read DnsConfig.
[1114/091547.553:WARNING:dns_config_service_win.cc(672)] Failed to read DnsConfig.
[1114/091552.557:WARNING:dns_config_service_win.cc(672)] Failed to read DnsConfig.
[1114/091557.568:WARNING:dns_config_service_win.cc(672)] Failed to read DnsConfig.
[1114/091602.593:WARNING:dns_config_service_win.cc(672)] Failed to read DnsConfig.
[1114/091607.610:WARNING:dns_config_service_win.cc(672)] Failed to read DnsConfig.
[1114/091612.615:WARNING:dns_config_service_win.cc(672)] Failed to read DnsConfig.
[1114/091617.629:WARNING:dns_config_service_win.cc(672)] Failed to read DnsConfig.
[1114/091622.645:WARNING:dns_config_service_win.cc(672)] Failed to read DnsConfig.
[1114/091627.677:WARNING:dns_config_service_win.cc(672)] Failed to read DnsConfig.
[1114/091632.695:WARNING:dns_config_service_win.cc(672)] Failed to read DnsConfig.
[1114/091637.719:WARNING:dns_config_service_win.cc(672)] Failed to read DnsConfig.
[1114/091642.730:WARNING:dns_config_service_win.cc(672)] Failed to read DnsConfig.
[1114/091647.759:WARNING:dns_config_service_win.cc(672)] Failed to read DnsConfig.
[1114/091652.784:WARNING:dns_config_service_win.cc(672)] Failed to read DnsConfig.
[1114/091657.810:WARNING:dns_config_service_win.cc(672)] Failed to read DnsConfig.
[1114/091702.822:WARNING:dns_config_service_win.cc(672)] Failed to read DnsConfig.
[1114/091707.846:WARNING:dns_config_service_win.cc(672)] Failed to read DnsConfig.
[1114/091712.871:WARNING:dns_config_service_win.cc(672)] Failed to read DnsConfig.
[1114/091716.227:WARNING:dns_config_service_win.cc(672)] Failed to read DnsConfig.
[1114/091716.276:WARNING:dns_config_service_win.cc(672)] Failed to read DnsConfig.
[1114/091716.334:WARNING:dns_config_service_win.cc(672)] Failed to read DnsConfig.
[1114/101635.128:WARNING:dns_config_service_win.cc(672)] Failed to read DnsConfig.
[1114/131639.081:WARNING:dns_config_service_win.cc(672)] Failed to read DnsConfig.
[1114/131644.090:WARNING:dns_config_service_win.cc(672)] Failed to read DnsConfig.
[1114/182938.014:WARNING:dns_config_service_win.cc(672)] Failed to read DnsConfig.
[1114/182939.594:WARNING:dns_config_service_win.cc(672)] Failed to read DnsConfig.
[1114/182939.721:WARNING:dns_config_service_win.cc(672)] Failed to read DnsConfig.
[1114/182940.449:WARNING:dns_config_service_win.cc(672)] Failed to read DnsConfig.
[1114/182942.555:WARNING:dns_config_service_win.cc(672)] Failed to read DnsConfig.
[1114/182943.028:WARNING:dns_config_service_win.cc(672)] Failed to read DnsConfig.
[1114/183447.295:WARNING:dns_config_service_win.cc(672)] Failed to read DnsConfig.
[1114/183447.608:WARNING:dns_config_service_win.cc(672)] Failed to read DnsConfig.
[1114/183447.647:WARNING:dns_config_service_win.cc(672)] Failed to read DnsConfig.
[1114/183447.687:WARNING:dns_config_service_win.cc(672)] Failed to read DnsConfig.
[1114/185934.990:WARNING:dns_config_service_win.cc(672)] Failed to read DnsConfig.
[1114/194047.523:WARNING:dns_config_service_win.cc(672)] Failed to read DnsConfig.
[1114/194049.785:WARNING:dns_config_service_win.cc(672)] Failed to read DnsConfig.
[1114/194459.180:WARNING:dns_config_service_win.cc(672)] Failed to read DnsConfig.
[1114/224503.558:WARNING:dns_config_service_win.cc(672)] Failed to read DnsConfig.
[1115/071511.287:WARNING:dns_config_service_win.cc(672)] Failed to read DnsConfig.
[1115/071516.293:WARNING:dns_config_service_win.cc(672)] Failed to read DnsConfig.
[1115/071521.300:WARNING:dns_config_service_win.cc(672)] Failed to read DnsConfig.
[1115/071526.309:WARNING:dns_config_service_win.cc(672)] Failed to read DnsConfig.
[1115/071531.314:WARNING:dns_config_service_win.cc(672)] Failed to read DnsConfig.
[1115/071536.377:WARNING:dns_config_service_win.cc(672)] Failed to read DnsConfig.
[1115/071541.387:WARNING:dns_config_service_win.cc(672)] Failed to read DnsConfig.
[1115/071546.397:WARNING:dns_config_service_win.cc(672)] Failed to read DnsConfig.
[1115/071551.410:WARNING:dns_config_service_win.cc(672)] Failed to read DnsConfig.
[1115/071556.414:WARNING:dns_config_service_win.cc(672)] Failed to read DnsConfig.
[1115/071601.430:WARNING:dns_config_service_win.cc(672)] Failed to read DnsConfig.
[1115/071606.439:WARNING:dns_config_service_win.cc(672)] Failed to read DnsConfig.
[1115/071611.444:WARNING:dns_config_service_win.cc(672)] Failed to read DnsConfig.
[1115/071616.457:WARNING:dns_config_service_win.cc(672)] Failed to read DnsConfig.
[1115/071621.461:WARNING:dns_config_service_win.cc(672)] Failed to read DnsConfig.
[1115/071626.471:WARNING:dns_config_service_win.cc(672)] Failed to read DnsConfig.
[1115/071631.476:WARNING:dns_config_service_win.cc(672)] Failed to read DnsConfig.
[1115/071636.480:WARNING:dns_config_service_win.cc(672)] Failed to read DnsConfig.
[1115/071641.489:WARNING:dns_config_service_win.cc(672)] Failed to read DnsConfig.
[1115/071646.509:WARNING:dns_config_service_win.cc(672)] Failed to read DnsConfig.
[1115/071651.527:WARNING:dns_config_service_win.cc(672)] Failed to read DnsConfig.
[1115/071656.548:WARNING:dns_config_service_win.cc(672)] Failed to read DnsConfig.
[1115/071701.559:WARNING:dns_config_service_win.cc(672)] Failed to read DnsConfig.
[1115/071706.585:WARNING:dns_config_service_win.cc(672)] Failed to read DnsConfig.
[1115/071711.611:WARNING:dns_config_service_win.cc(672)] Failed to read DnsConfig.
[1115/071716.633:WARNING:dns_config_service_win.cc(672)] Failed to read DnsConfig.
[1115/071721.657:WARNING:dns_config_service_win.cc(672)] Failed to read DnsConfig.
[1115/071726.690:WARNING:dns_config_service_win.cc(672)] Failed to read DnsConfig.
[1115/071731.726:WARNING:dns_config_service_win.cc(672)] Failed to read DnsConfig.
[1115/071736.748:WARNING:dns_config_service_win.cc(672)] Failed to read DnsConfig.
[1115/071741.768:WARNING:dns_config_service_win.cc(672)] Failed to read DnsConfig.
[1115/071746.785:WARNING:dns_config_service_win.cc(672)] Failed to read DnsConfig.
[1115/071751.804:WARNING:dns_config_service_win.cc(672)] Failed to read DnsConfig.
[1115/071756.836:WARNING:dns_config_service_win.cc(672)] Failed to read DnsConfig.
[1115/071801.857:WARNING:dns_config_service_win.cc(672)] Failed to read DnsConfig.
[1115/071806.887:WARNING:dns_config_service_win.cc(672)] Failed to read DnsConfig.
[1115/071811.910:WARNING:dns_config_service_win.cc(672)] Failed to read DnsConfig.
[1115/071816.920:WARNING:dns_config_service_win.cc(672)] Failed to read DnsConfig.
[1115/071821.944:WARNING:dns_config_service_win.cc(672)] Failed to read DnsConfig.
[1115/071826.989:WARNING:dns_config_service_win.cc(672)] Failed to read DnsConfig.
[1115/071832.029:WARNING:dns_config_service_win.cc(672)] Failed to read DnsConfig.
[1115/071837.060:WARNING:dns_config_service_win.cc(672)] Failed to read DnsConfig.
[1115/071842.088:WARNING:dns_config_service_win.cc(672)] Failed to read DnsConfig.
[1115/071847.109:WARNING:dns_config_service_win.cc(672)] Failed to read DnsConfig.
[1115/071852.130:WARNING:dns_config_service_win.cc(672)] Failed to read DnsConfig.
[1115/071857.157:WARNING:dns_config_service_win.cc(672)] Failed to read DnsConfig.
[1115/071902.185:WARNING:dns_config_service_win.cc(672)] Failed to read DnsConfig.
[1115/071907.213:WARNING:dns_config_service_win.cc(672)] Failed to read DnsConfig.
[1115/071912.237:WARNING:dns_config_service_win.cc(672)] Failed to read DnsConfig.
[1115/071917.262:WARNING:dns_config_service_win.cc(672)] Failed to read DnsConfig.
[1115/071922.286:WARNING:dns_config_service_win.cc(672)] Failed to read DnsConfig.
[1115/071927.316:WARNING:dns_config_service_win.cc(672)] Failed to read DnsConfig.
[1115/071932.345:WARNING:dns_config_service_win.cc(672)] Failed to read DnsConfig.
[1115/071937.374:WARNING:dns_config_service_win.cc(672)] Failed to read DnsConfig.
[1115/071942.395:WARNING:dns_config_service_win.cc(672)] Failed to read DnsConfig.
[1115/071947.418:WARNING:dns_config_service_win.cc(672)] Failed to read DnsConfig.
[1115/071952.437:WARNING:dns_config_service_win.cc(672)] Failed to read DnsConfig.
[1115/071957.460:WARNING:dns_config_service_win.cc(672)] Failed to read DnsConfig.
[1115/072002.488:WARNING:dns_config_service_win.cc(672)] Failed to read DnsConfig.
[1115/072007.516:WARNING:dns_config_service_win.cc(672)] Failed to read DnsConfig.
[1115/072012.542:WARNING:dns_config_service_win.cc(672)] Failed to read DnsConfig.
[1115/072017.564:WARNING:dns_config_service_win.cc(672)] Failed to read DnsConfig.
[1115/072022.590:WARNING:dns_config_service_win.cc(672)] Failed to read DnsConfig.
[1115/072027.615:WARNING:dns_config_service_win.cc(672)] Failed to read DnsConfig.
[1115/072032.644:WARNING:dns_config_service_win.cc(672)] Failed to read DnsConfig.
[1115/072037.663:WARNING:dns_config_service_win.cc(672)] Failed to read DnsConfig.
[1115/072042.684:WARNING:dns_config_service_win.cc(672)] Failed to read DnsConfig.
[1115/072047.708:WARNING:dns_config_service_win.cc(672)] Failed to read DnsConfig.
[1115/072052.732:WARNING:dns_config_service_win.cc(672)] Failed to read DnsConfig.
[1115/072057.754:WARNING:dns_config_service_win.cc(672)] Failed to read DnsConfig.
[1115/072102.782:WARNING:dns_config_service_win.cc(672)] Failed to read DnsConfig.
[1115/072107.815:WARNING:dns_config_service_win.cc(672)] Failed to read DnsConfig.
[1115/072112.838:WARNING:dns_config_service_win.cc(672)] Failed to read DnsConfig.
[1115/072117.873:WARNING:dns_config_service_win.cc(672)] Failed to read DnsConfig.
[1115/072122.904:WARNING:dns_config_service_win.cc(672)] Failed to read DnsConfig.
[1115/072127.922:WARNING:dns_config_service_win.cc(672)] Failed to read DnsConfig.
[1115/072132.942:WARNING:dns_config_service_win.cc(672)] Failed to read DnsConfig.
[1115/072137.960:WARNING:dns_config_service_win.cc(672)] Failed to read DnsConfig.
[1115/072142.985:WARNING:dns_config_service_win.cc(672)] Failed to read DnsConfig.
[1115/072148.006:WARNING:dns_config_service_win.cc(672)] Failed to read DnsConfig.
[1115/072153.024:WARNING:dns_config_service_win.cc(672)] Failed to read DnsConfig.
[1115/072158.039:WARNING:dns_config_service_win.cc(672)] Failed to read DnsConfig.
[1115/072203.061:WARNING:dns_config_service_win.cc(672)] Failed to read DnsConfig.
[1115/072208.082:WARNING:dns_config_service_win.cc(672)] Failed to read DnsConfig.
[1115/072213.101:WARNING:dns_config_service_win.cc(672)] Failed to read DnsConfig.
[1115/072218.121:WARNING:dns_config_service_win.cc(672)] Failed to read DnsConfig.
[1115/072223.140:WARNING:dns_config_service_win.cc(672)] Failed to read DnsConfig.
[1115/072228.168:WARNING:dns_config_service_win.cc(672)] Failed to read DnsConfig.
[1115/072233.195:WARNING:dns_config_service_win.cc(672)] Failed to read DnsConfig.
[1115/072238.209:WARNING:dns_config_service_win.cc(672)] Failed to read DnsConfig.
[1115/072243.228:WARNING:dns_config_service_win.cc(672)] Failed to read DnsConfig.
[1115/072248.246:WARNING:dns_config_service_win.cc(672)] Failed to read DnsConfig.
[1115/072253.266:WARNING:dns_config_service_win.cc(672)] Failed to read DnsConfig.
[1115/072258.282:WARNING:dns_config_service_win.cc(672)] Failed to read DnsConfig.
[1115/072303.299:WARNING:dns_config_service_win.cc(672)] Failed to read DnsConfig.
[1115/072308.319:WARNING:dns_config_service_win.cc(672)] Failed to read DnsConfig.
[1115/072313.334:WARNING:dns_config_service_win.cc(672)] Failed to read DnsConfig.
[1115/072318.361:WARNING:dns_config_service_win.cc(672)] Failed to read DnsConfig.
[1115/072323.368:WARNING:dns_config_service_win.cc(672)] Failed to read DnsConfig.
[1115/072328.383:WARNING:dns_config_service_win.cc(672)] Failed to read DnsConfig.
[1115/072333.406:WARNING:dns_config_service_win.cc(672)] Failed to read DnsConfig.
[1115/072338.423:WARNING:dns_config_service_win.cc(672)] Failed to read DnsConfig.
[1115/072343.443:WARNING:dns_config_service_win.cc(672)] Failed to read DnsConfig.
[1115/072348.471:WARNING:dns_config_service_win.cc(672)] Failed to read DnsConfig.
[1115/072353.494:WARNING:dns_config_service_win.cc(672)] Failed to read DnsConfig.
[1115/072358.513:WARNING:dns_config_service_win.cc(672)] Failed to read DnsConfig.
[1115/072403.546:WARNING:dns_config_service_win.cc(672)] Failed to read DnsConfig.
[1115/072408.567:WARNING:dns_config_service_win.cc(672)] Failed to read DnsConfig.
[1115/072413.590:WARNING:dns_config_service_win.cc(672)] Failed to read DnsConfig.
[1115/072418.603:WARNING:dns_config_service_win.cc(672)] Failed to read DnsConfig.
[1115/072423.615:WARNING:dns_config_service_win.cc(672)] Failed to read DnsConfig.
[1115/072428.635:WARNING:dns_config_service_win.cc(672)] Failed to read DnsConfig.
[1115/072433.656:WARNING:dns_config_service_win.cc(672)] Failed to read DnsConfig.
[1115/072438.684:WARNING:dns_config_service_win.cc(672)] Failed to read DnsConfig.
[1115/072443.704:WARNING:dns_config_service_win.cc(672)] Failed to read DnsConfig.
[1115/072448.726:WARNING:dns_config_service_win.cc(672)] Failed to read DnsConfig.
[1115/072453.760:WARNING:dns_config_service_win.cc(672)] Failed to read DnsConfig.
[1115/072458.788:WARNING:dns_config_service_win.cc(672)] Failed to read DnsConfig.
[1115/072503.822:WARNING:dns_config_service_win.cc(672)] Failed to read DnsConfig.
[1115/072508.850:WARNING:dns_config_service_win.cc(672)] Failed to read DnsConfig.
[1115/072513.874:WARNING:dns_config_service_win.cc(672)] Failed to read DnsConfig.
[1115/072518.902:WARNING:dns_config_service_win.cc(672)] Failed to read DnsConfig.
[1115/072523.925:WARNING:dns_config_service_win.cc(672)] Failed to read DnsConfig.
[1115/072528.955:WARNING:dns_config_service_win.cc(672)] Failed to read DnsConfig.
[1115/072533.979:WARNING:dns_config_service_win.cc(672)] Failed to read DnsConfig.
[1115/072539.004:WARNING:dns_config_service_win.cc(672)] Failed to read DnsConfig.
[1115/072544.024:WARNING:dns_config_service_win.cc(672)] Failed to read DnsConfig.
[1115/072549.053:WARNING:dns_config_service_win.cc(672)] Failed to read DnsConfig.
[1115/072554.077:WARNING:dns_config_service_win.cc(672)] Failed to read DnsConfig.
[1115/072559.097:WARNING:dns_config_service_win.cc(672)] Failed to read DnsConfig.
[1115/072604.118:WARNING:dns_config_service_win.cc(672)] Failed to read DnsConfig.
[1115/072609.132:WARNING:dns_config_service_win.cc(672)] Failed to read DnsConfig.
[1115/072614.151:WARNING:dns_config_service_win.cc(672)] Failed to read DnsConfig.
[1115/072619.181:WARNING:dns_config_service_win.cc(672)] Failed to read DnsConfig.
[1115/072624.197:WARNING:dns_config_service_win.cc(672)] Failed to read DnsConfig.
[1115/072629.228:WARNING:dns_config_service_win.cc(672)] Failed to read DnsConfig.
[1115/072634.251:WARNING:dns_config_service_win.cc(672)] Failed to read DnsConfig.
[1115/072639.275:WARNING:dns_config_service_win.cc(672)] Failed to read DnsConfig.
[1115/072644.300:WARNING:dns_config_service_win.cc(672)] Failed to read DnsConfig.
[1115/072649.322:WARNING:dns_config_service_win.cc(672)] Failed to read DnsConfig.
[1115/072654.346:WARNING:dns_config_service_win.cc(672)] Failed to read DnsConfig.
[1115/072659.360:WARNING:dns_config_service_win.cc(672)] Failed to read DnsConfig.
[1115/072704.375:WARNING:dns_config_service_win.cc(672)] Failed to read DnsConfig.
[1115/072709.401:WARNING:dns_config_service_win.cc(672)] Failed to read DnsConfig.
[1115/072714.421:WARNING:dns_config_service_win.cc(672)] Failed to read DnsConfig.
[1115/072719.445:WARNING:dns_config_service_win.cc(672)] Failed to read DnsConfig.
[1115/072724.463:WARNING:dns_config_service_win.cc(672)] Failed to read DnsConfig.
[1115/072729.490:WARNING:dns_config_service_win.cc(672)] Failed to read DnsConfig.
[1115/072734.506:WARNING:dns_config_service_win.cc(672)] Failed to read DnsConfig.
[1115/072739.523:WARNING:dns_config_service_win.cc(672)] Failed to read DnsConfig.
[1115/072744.541:WARNING:dns_config_service_win.cc(672)] Failed to read DnsConfig.
[1115/072749.567:WARNING:dns_config_service_win.cc(672)] Failed to read DnsConfig.
[1115/072754.589:WARNING:dns_config_service_win.cc(672)] Failed to read DnsConfig.
[1115/072759.608:WARNING:dns_config_service_win.cc(672)] Failed to read DnsConfig.
[1115/072804.624:WARNING:dns_config_service_win.cc(672)] Failed to read DnsConfig.
[1115/072809.649:WARNING:dns_config_service_win.cc(672)] Failed to read DnsConfig.
[1115/072814.674:WARNING:dns_config_service_win.cc(672)] Failed to read DnsConfig.
[1115/072819.702:WARNING:dns_config_service_win.cc(672)] Failed to read DnsConfig.
[1115/072824.721:WARNING:dns_config_service_win.cc(672)] Failed to read DnsConfig.
[1115/072829.738:WARNING:dns_config_service_win.cc(672)] Failed to read DnsConfig.
[1115/072834.760:WARNING:dns_config_service_win.cc(672)] Failed to read DnsConfig.
[1115/072839.787:WARNING:dns_config_service_win.cc(672)] Failed to read DnsConfig.
[1115/072844.815:WARNING:dns_config_service_win.cc(672)] Failed to read DnsConfig.
[1115/072849.827:WARNING:dns_config_service_win.cc(672)] Failed to read DnsConfig.
[1115/072854.852:WARNING:dns_config_service_win.cc(672)] Failed to read DnsConfig.
[1115/072859.868:WARNING:dns_config_service_win.cc(672)] Failed to read DnsConfig.
[1115/072904.881:WARNING:dns_config_service_win.cc(672)] Failed to read DnsConfig.
[1115/072909.903:WARNING:dns_config_service_win.cc(672)] Failed to read DnsConfig.
[1115/072914.922:WARNING:dns_config_service_win.cc(672)] Failed to read DnsConfig.
[1115/072919.938:WARNING:dns_config_service_win.cc(672)] Failed to read DnsConfig.
[1115/072924.965:WARNING:dns_config_service_win.cc(672)] Failed to read DnsConfig.
[1115/072929.989:WARNING:dns_config_service_win.cc(672)] Failed to read DnsConfig.
[1115/072935.009:WARNING:dns_config_service_win.cc(672)] Failed to read DnsConfig.
[1115/072940.029:WARNING:dns_config_service_win.cc(672)] Failed to read DnsConfig.
[1115/072945.047:WARNING:dns_config_service_win.cc(672)] Failed to read DnsConfig.
[1115/072950.063:WARNING:dns_config_service_win.cc(672)] Failed to read DnsConfig.
[1115/072955.084:WARNING:dns_config_service_win.cc(672)] Failed to read DnsConfig.
[1115/073000.104:WARNING:dns_config_service_win.cc(672)] Failed to read DnsConfig.
[1115/073005.123:WARNING:dns_config_service_win.cc(672)] Failed to read DnsConfig.
[1115/073010.145:WARNING:dns_config_service_win.cc(672)] Failed to read DnsConfig.
[1115/073015.161:WARNING:dns_config_service_win.cc(672)] Failed to read DnsConfig.
[1115/073020.180:WARNING:dns_config_service_win.cc(672)] Failed to read DnsConfig.
[1115/073025.203:WARNING:dns_config_service_win.cc(672)] Failed to read DnsConfig.
[1115/073030.227:WARNING:dns_config_service_win.cc(672)] Failed to read DnsConfig.
[1115/073035.254:WARNING:dns_config_service_win.cc(672)] Failed to read DnsConfig.
[1115/073040.279:WARNING:dns_config_service_win.cc(672)] Failed to read DnsConfig.
[1115/073045.304:WARNING:dns_config_service_win.cc(672)] Failed to read DnsConfig.
[1115/073050.320:WARNING:dns_config_service_win.cc(672)] Failed to read DnsConfig.
[1115/073055.337:WARNING:dns_config_service_win.cc(672)] Failed to read DnsConfig.
[1115/073100.353:WARNING:dns_config_service_win.cc(672)] Failed to read DnsConfig.
[1115/073105.378:WARNING:dns_config_service_win.cc(672)] Failed to read DnsConfig.
[1115/073110.403:WARNING:dns_config_service_win.cc(672)] Failed to read DnsConfig.
[1115/073115.427:WARNING:dns_config_service_win.cc(672)] Failed to read DnsConfig.
[1115/073120.449:WARNING:dns_config_service_win.cc(672)] Failed to read DnsConfig.
[1115/073125.474:WARNING:dns_config_service_win.cc(672)] Failed to read DnsConfig.
[1115/073130.495:WARNING:dns_config_service_win.cc(672)] Failed to read DnsConfig.
[1115/073135.513:WARNING:dns_config_service_win.cc(672)] Failed to read DnsConfig.
[1115/073140.527:WARNING:dns_config_service_win.cc(672)] Failed to read DnsConfig.
[1115/073145.536:WARNING:dns_config_service_win.cc(672)] Failed to read DnsConfig.
[1115/073150.561:WARNING:dns_config_service_win.cc(672)] Failed to read DnsConfig.
[1115/073155.569:WARNING:dns_config_service_win.cc(672)] Failed to read DnsConfig.
[1115/073200.586:WARNING:dns_config_service_win.cc(672)] Failed to read DnsConfig.
[1115/073205.602:WARNING:dns_config_service_win.cc(672)] Failed to read DnsConfig.
[1115/073210.618:WARNING:dns_config_service_win.cc(672)] Failed to read DnsConfig.
[1115/073215.638:WARNING:dns_config_service_win.cc(672)] Failed to read DnsConfig.
[1115/073220.654:WARNING:dns_config_service_win.cc(672)] Failed to read DnsConfig.
[1115/073225.677:WARNING:dns_config_service_win.cc(672)] Failed to read DnsConfig.
[1115/073230.705:WARNING:dns_config_service_win.cc(672)] Failed to read DnsConfig.
[1115/073235.723:WARNING:dns_config_service_win.cc(672)] Failed to read DnsConfig.
[1115/073240.741:WARNING:dns_config_service_win.cc(672)] Failed to read DnsConfig.
[1115/073245.766:WARNING:dns_config_service_win.cc(672)] Failed to read DnsConfig.
[1115/073250.786:WARNING:dns_config_service_win.cc(672)] Failed to read DnsConfig.
[1115/073255.806:WARNING:dns_config_service_win.cc(672)] Failed to read DnsConfig.
[1115/073300.820:WARNING:dns_config_service_win.cc(672)] Failed to read DnsConfig.
[1115/073305.844:WARNING:dns_config_service_win.cc(672)] Failed to read DnsConfig.
[1115/073310.864:WARNING:dns_config_service_win.cc(672)] Failed to read DnsConfig.
[1115/073315.883:WARNING:dns_config_service_win.cc(672)] Failed to read DnsConfig.
[1115/073320.903:WARNING:dns_config_service_win.cc(672)] Failed to read DnsConfig.
[1115/073325.918:WARNING:dns_config_service_win.cc(672)] Failed to read DnsConfig.
[1115/073330.942:WARNING:dns_config_service_win.cc(672)] Failed to read DnsConfig.
[1115/073335.951:WARNING:dns_config_service_win.cc(672)] Failed to read DnsConfig.
[1115/073340.971:WARNING:dns_config_service_win.cc(672)] Failed to read DnsConfig.
[1115/073345.989:WARNING:dns_config_service_win.cc(672)] Failed to read DnsConfig.
[1115/073351.008:WARNING:dns_config_service_win.cc(672)] Failed to read DnsConfig.
[1115/073356.031:WARNING:dns_config_service_win.cc(672)] Failed to read DnsConfig.
[1115/073401.038:WARNING:dns_config_service_win.cc(672)] Failed to read DnsConfig.
[1115/073406.049:WARNING:dns_config_service_win.cc(672)] Failed to read DnsConfig.
[1115/073411.070:WARNING:dns_config_service_win.cc(672)] Failed to read DnsConfig.
[1115/073416.073:WARNING:dns_config_service_win.cc(672)] Failed to read DnsConfig.
[1115/073421.091:WARNING:dns_config_service_win.cc(672)] Failed to read DnsConfig.
[1115/073426.105:WARNING:dns_config_service_win.cc(672)] Failed to read DnsConfig.
[1115/073431.124:WARNING:dns_config_service_win.cc(672)] Failed to read DnsConfig.
[1115/073436.138:WARNING:dns_config_service_win.cc(672)] Failed to read DnsConfig.
[1115/073441.148:WARNING:dns_config_service_win.cc(672)] Failed to read DnsConfig.
[1115/073446.171:WARNING:dns_config_service_win.cc(672)] Failed to read DnsConfig.
[1115/073451.190:WARNING:dns_config_service_win.cc(672)] Failed to read DnsConfig.
[1115/073456.211:WARNING:dns_config_service_win.cc(672)] Failed to read DnsConfig.
[1115/073501.228:WARNING:dns_config_service_win.cc(672)] Failed to read DnsConfig.
[1115/073506.242:WARNING:dns_config_service_win.cc(672)] Failed to read DnsConfig.
[1115/073511.254:WARNING:dns_config_service_win.cc(672)] Failed to read DnsConfig.
[1115/073516.273:WARNING:dns_config_service_win.cc(672)] Failed to read DnsConfig.
[1115/073521.291:WARNING:dns_config_service_win.cc(672)] Failed to read DnsConfig.
[1115/073526.301:WARNING:dns_config_service_win.cc(672)] Failed to read DnsConfig.
[1115/073531.311:WARNING:dns_config_service_win.cc(672)] Failed to read DnsConfig.
[1115/073536.324:WARNING:dns_config_service_win.cc(672)] Failed to read DnsConfig.
[1115/073541.349:WARNING:dns_config_service_win.cc(672)] Failed to read DnsConfig.
[1115/073546.361:WARNING:dns_config_service_win.cc(672)] Failed to read DnsConfig.
[1115/073551.370:WARNING:dns_config_service_win.cc(672)] Failed to read DnsConfig.
[1115/073556.389:WARNING:dns_config_service_win.cc(672)] Failed to read DnsConfig.
[1115/073601.397:WARNING:dns_config_service_win.cc(672)] Failed to read DnsConfig.
[1115/073606.408:WARNING:dns_config_service_win.cc(672)] Failed to read DnsConfig.
[1115/073611.429:WARNING:dns_config_service_win.cc(672)] Failed to read DnsConfig.
[1115/073616.446:WARNING:dns_config_service_win.cc(672)] Failed to read DnsConfig.
[1115/073621.464:WARNING:dns_config_service_win.cc(672)] Failed to read DnsConfig.
[1115/073626.479:WARNING:dns_config_service_win.cc(672)] Failed to read DnsConfig.
[1115/073631.498:WARNING:dns_config_service_win.cc(672)] Failed to read DnsConfig.
[1115/073636.527:WARNING:dns_config_service_win.cc(672)] Failed to read DnsConfig.
[1115/073641.547:WARNING:dns_config_service_win.cc(672)] Failed to read DnsConfig.
[1115/073646.566:WARNING:dns_config_service_win.cc(672)] Failed to read DnsConfig.
[1115/073651.587:WARNING:dns_config_service_win.cc(672)] Failed to read DnsConfig.
[1115/073656.610:WARNING:dns_config_service_win.cc(672)] Failed to read DnsConfig.
[1115/073701.633:WARNING:dns_config_service_win.cc(672)] Failed to read DnsConfig.
[1115/073706.661:WARNING:dns_config_service_win.cc(672)] Failed to read DnsConfig.
[1115/073711.672:WARNING:dns_config_service_win.cc(672)] Failed to read DnsConfig.
[1115/073716.696:WARNING:dns_config_service_win.cc(672)] Failed to read DnsConfig.
[1115/073721.721:WARNING:dns_config_service_win.cc(672)] Failed to read DnsConfig.
[1115/073726.746:WARNING:dns_config_service_win.cc(672)] Failed to read DnsConfig.
[1115/073731.755:WARNING:dns_config_service_win.cc(672)] Failed to read DnsConfig.
[1115/073736.779:WARNING:dns_config_service_win.cc(672)] Failed to read DnsConfig.
[1115/073741.797:WARNING:dns_config_service_win.cc(672)] Failed to read DnsConfig.
[1115/073746.817:WARNING:dns_config_service_win.cc(672)] Failed to read DnsConfig.
[1115/073751.842:WARNING:dns_config_service_win.cc(672)] Failed to read DnsConfig.
[1115/073756.864:WARNING:dns_config_service_win.cc(672)] Failed to read DnsConfig.
[1115/073801.876:WARNING:dns_config_service_win.cc(672)] Failed to read DnsConfig.
[1115/073806.902:WARNING:dns_config_service_win.cc(672)] Failed to read DnsConfig.
[1115/073811.917:WARNING:dns_config_service_win.cc(672)] Failed to read DnsConfig.
[1115/073816.947:WARNING:dns_config_service_win.cc(672)] Failed to read DnsConfig.
[1115/073821.966:WARNING:dns_config_service_win.cc(672)] Failed to read DnsConfig.
[1115/073826.987:WARNING:dns_config_service_win.cc(672)] Failed to read DnsConfig.
[1115/073832.014:WARNING:dns_config_service_win.cc(672)] Failed to read DnsConfig.
[1115/073837.031:WARNING:dns_config_service_win.cc(672)] Failed to read DnsConfig.
[1115/073842.058:WARNING:dns_config_service_win.cc(672)] Failed to read DnsConfig.
[1115/073847.084:WARNING:dns_config_service_win.cc(672)] Failed to read DnsConfig.
[1115/073852.112:WARNING:dns_config_service_win.cc(672)] Failed to read DnsConfig.
[1115/073857.127:WARNING:dns_config_service_win.cc(672)] Failed to read DnsConfig.
[1115/073902.153:WARNING:dns_config_service_win.cc(672)] Failed to read DnsConfig.
[1115/073907.172:WARNING:dns_config_service_win.cc(672)] Failed to read DnsConfig.
[1115/073912.191:WARNING:dns_config_service_win.cc(672)] Failed to read DnsConfig.
[1115/073917.212:WARNING:dns_config_service_win.cc(672)] Failed to read DnsConfig.
[1115/073922.241:WARNING:dns_config_service_win.cc(672)] Failed to read DnsConfig.
[1115/073927.262:WARNING:dns_config_service_win.cc(672)] Failed to read DnsConfig.
[1115/073932.280:WARNING:dns_config_service_win.cc(672)] Failed to read DnsConfig.
[1115/073937.295:WARNING:dns_config_service_win.cc(672)] Failed to read DnsConfig.
[1115/073942.317:WARNING:dns_config_service_win.cc(672)] Failed to read DnsConfig.
[1115/073947.341:WARNING:dns_config_service_win.cc(672)] Failed to read DnsConfig.
[1115/073952.351:WARNING:dns_config_service_win.cc(672)] Failed to read DnsConfig.
[1115/073957.373:WARNING:dns_config_service_win.cc(672)] Failed to read DnsConfig.
[1115/074002.393:WARNING:dns_config_service_win.cc(672)] Failed to read DnsConfig.
[1115/074007.413:WARNING:dns_config_service_win.cc(672)] Failed to read DnsConfig.
[1115/074012.429:WARNING:dns_config_service_win.cc(672)] Failed to read DnsConfig.
[1115/074017.452:WARNING:dns_config_service_win.cc(672)] Failed to read DnsConfig.
[1115/074022.468:WARNING:dns_config_service_win.cc(672)] Failed to read DnsConfig.
[1115/074027.484:WARNING:dns_config_service_win.cc(672)] Failed to read DnsConfig.
[1115/074032.499:WARNING:dns_config_service_win.cc(672)] Failed to read DnsConfig.
[1115/074037.514:WARNING:dns_config_service_win.cc(672)] Failed to read DnsConfig.
[1115/074042.539:WARNING:dns_config_service_win.cc(672)] Failed to read DnsConfig.
[1115/074047.558:WARNING:dns_config_service_win.cc(672)] Failed to read DnsConfig.
[1115/074052.586:WARNING:dns_config_service_win.cc(672)] Failed to read DnsConfig.
[1115/074057.619:WARNING:dns_config_service_win.cc(672)] Failed to read DnsConfig.
[1115/074102.637:WARNING:dns_config_service_win.cc(672)] Failed to read DnsConfig.
[1115/074107.645:WARNING:dns_config_service_win.cc(672)] Failed to read DnsConfig.
[1115/074112.664:WARNING:dns_config_service_win.cc(672)] Failed to read DnsConfig.
[1115/074117.729:WARNING:dns_config_service_win.cc(672)] Failed to read DnsConfig.
[1115/074122.747:WARNING:dns_config_service_win.cc(672)] Failed to read DnsConfig.
[1115/074127.768:WARNING:dns_config_service_win.cc(672)] Failed to read DnsConfig.
[1115/074132.789:WARNING:dns_config_service_win.cc(672)] Failed to read DnsConfig.
[1115/074137.797:WARNING:dns_config_service_win.cc(672)] Failed to read DnsConfig.
[1115/074142.821:WARNING:dns_config_service_win.cc(672)] Failed to read DnsConfig.
[1115/074147.833:WARNING:dns_config_service_win.cc(672)] Failed to read DnsConfig.
[1115/074152.862:WARNING:dns_config_service_win.cc(672)] Failed to read DnsConfig.
[1115/074157.872:WARNING:dns_config_service_win.cc(672)] Failed to read DnsConfig.
[1115/074202.884:WARNING:dns_config_service_win.cc(672)] Failed to read DnsConfig.
[1115/074207.914:WARNING:dns_config_service_win.cc(672)] Failed to read DnsConfig.
[1115/074212.930:WARNING:dns_config_service_win.cc(672)] Failed to read DnsConfig.
[1115/074217.940:WARNING:dns_config_service_win.cc(672)] Failed to read DnsConfig.
[1115/074222.959:WARNING:dns_config_service_win.cc(672)] Failed to read DnsConfig.
[1115/074227.981:WARNING:dns_config_service_win.cc(672)] Failed to read DnsConfig.
[1115/074233.000:WARNING:dns_config_service_win.cc(672)] Failed to read DnsConfig.
[1115/074238.007:WARNING:dns_config_service_win.cc(672)] Failed to read DnsConfig.
[1115/074243.029:WARNING:dns_config_service_win.cc(672)] Failed to read DnsConfig.
[1115/074248.058:WARNING:dns_config_service_win.cc(672)] Failed to read DnsConfig.
[1115/074253.075:WARNING:dns_config_service_win.cc(672)] Failed to read DnsConfig.
[1115/074258.096:WARNING:dns_config_service_win.cc(672)] Failed to read DnsConfig.
[1115/074303.124:WARNING:dns_config_service_win.cc(672)] Failed to read DnsConfig.
[1115/074308.146:WARNING:dns_config_service_win.cc(672)] Failed to read DnsConfig.
[1115/074313.164:WARNING:dns_config_service_win.cc(672)] Failed to read DnsConfig.
[1115/074318.186:WARNING:dns_config_service_win.cc(672)] Failed to read DnsConfig.
[1115/074323.201:WARNING:dns_config_service_win.cc(672)] Failed to read DnsConfig.
[1115/074328.221:WARNING:dns_config_service_win.cc(672)] Failed to read DnsConfig.
[1115/074333.242:WARNING:dns_config_service_win.cc(672)] Failed to read DnsConfig.
[1115/074338.268:WARNING:dns_config_service_win.cc(672)] Failed to read DnsConfig.
[1115/074343.281:WARNING:dns_config_service_win.cc(672)] Failed to read DnsConfig.
[1115/074348.307:WARNING:dns_config_service_win.cc(672)] Failed to read DnsConfig.
[1115/074353.324:WARNING:dns_config_service_win.cc(672)] Failed to read DnsConfig.
[1115/074358.338:WARNING:dns_config_service_win.cc(672)] Failed to read DnsConfig.
[1115/074403.355:WARNING:dns_config_service_win.cc(672)] Failed to read DnsConfig.
[1115/074408.374:WARNING:dns_config_service_win.cc(672)] Failed to read DnsConfig.
[1115/074413.392:WARNING:dns_config_service_win.cc(672)] Failed to read DnsConfig.
[1115/074418.404:WARNING:dns_config_service_win.cc(672)] Failed to read DnsConfig.
[1115/074423.429:WARNING:dns_config_service_win.cc(672)] Failed to read DnsConfig.
[1115/074428.447:WARNING:dns_config_service_win.cc(672)] Failed to read DnsConfig.
[1115/074433.470:WARNING:dns_config_service_win.cc(672)] Failed to read DnsConfig.
[1115/074438.497:WARNING:dns_config_service_win.cc(672)] Failed to read DnsConfig.
[1115/074443.519:WARNING:dns_config_service_win.cc(672)] Failed to read DnsConfig.
[1115/074448.544:WARNING:dns_config_service_win.cc(672)] Failed to read DnsConfig.
[1115/074453.557:WARNING:dns_config_service_win.cc(672)] Failed to read DnsConfig.
[1115/074458.573:WARNING:dns_config_service_win.cc(672)] Failed to read DnsConfig.
[1115/074503.593:WARNING:dns_config_service_win.cc(672)] Failed to read DnsConfig.
[1115/074508.629:WARNING:dns_config_service_win.cc(672)] Failed to read DnsConfig.
[1115/074513.657:WARNING:dns_config_service_win.cc(672)] Failed to read DnsConfig.
[1115/074518.677:WARNING:dns_config_service_win.cc(672)] Failed to read DnsConfig.
[1115/074523.705:WARNING:dns_config_service_win.cc(672)] Failed to read DnsConfig.
[1115/074528.721:WARNING:dns_config_service_win.cc(672)] Failed to read DnsConfig.
[1115/074533.738:WARNING:dns_config_service_win.cc(672)] Failed to read DnsConfig.
[1115/074538.757:WARNING:dns_config_service_win.cc(672)] Failed to read DnsConfig.
[1115/074543.779:WARNING:dns_config_service_win.cc(672)] Failed to read DnsConfig.
[1115/074548.798:WARNING:dns_config_service_win.cc(672)] Failed to read DnsConfig.
[1115/074553.819:WARNING:dns_config_service_win.cc(672)] Failed to read DnsConfig.
[1115/074558.844:WARNING:dns_config_service_win.cc(672)] Failed to read DnsConfig.
[1115/074603.864:WARNING:dns_config_service_win.cc(672)] Failed to read DnsConfig.
[1115/074608.880:WARNING:dns_config_service_win.cc(672)] Failed to read DnsConfig.
[1115/074613.907:WARNING:dns_config_service_win.cc(672)] Failed to read DnsConfig.
[1115/074618.935:WARNING:dns_config_service_win.cc(672)] Failed to read DnsConfig.
[1115/074623.960:WARNING:dns_config_service_win.cc(672)] Failed to read DnsConfig.
[1115/074628.976:WARNING:dns_config_service_win.cc(672)] Failed to read DnsConfig.
[1115/074633.997:WARNING:dns_config_service_win.cc(672)] Failed to read DnsConfig.
[1115/074639.013:WARNING:dns_config_service_win.cc(672)] Failed to read DnsConfig.
[1115/074644.033:WARNING:dns_config_service_win.cc(672)] Failed to read DnsConfig.
[1115/074649.057:WARNING:dns_config_service_win.cc(672)] Failed to read DnsConfig.
[1115/074654.081:WARNING:dns_config_service_win.cc(672)] Failed to read DnsConfig.
[1115/074659.099:WARNING:dns_config_service_win.cc(672)] Failed to read DnsConfig.
[1115/074704.125:WARNING:dns_config_service_win.cc(672)] Failed to read DnsConfig.
[1115/074709.149:WARNING:dns_config_service_win.cc(672)] Failed to read DnsConfig.
[1115/074714.170:WARNING:dns_config_service_win.cc(672)] Failed to read DnsConfig.
[1115/074719.195:WARNING:dns_config_service_win.cc(672)] Failed to read DnsConfig.
[1115/074724.212:WARNING:dns_config_service_win.cc(672)] Failed to read DnsConfig.
[1115/074729.238:WARNING:dns_config_service_win.cc(672)] Failed to read DnsConfig.
[1115/074734.245:WARNING:dns_config_service_win.cc(672)] Failed to read DnsConfig.
[1115/074739.273:WARNING:dns_config_service_win.cc(672)] Failed to read DnsConfig.
[1115/074744.301:WARNING:dns_config_service_win.cc(672)] Failed to read DnsConfig.
[1115/074749.325:WARNING:dns_config_service_win.cc(672)] Failed to read DnsConfig.
[1115/074754.345:WARNING:dns_config_service_win.cc(672)] Failed to read DnsConfig.
[1115/074759.359:WARNING:dns_config_service_win.cc(672)] Failed to read DnsConfig.
[1115/074804.385:WARNING:dns_config_service_win.cc(672)] Failed to read DnsConfig.
[1115/074809.407:WARNING:dns_config_service_win.cc(672)] Failed to read DnsConfig.
[1115/074814.433:WARNING:dns_config_service_win.cc(672)] Failed to read DnsConfig.
[1115/074819.466:WARNING:dns_config_service_win.cc(672)] Failed to read DnsConfig.
[1115/074824.486:WARNING:dns_config_service_win.cc(672)] Failed to read DnsConfig.
[1115/074829.509:WARNING:dns_config_service_win.cc(672)] Failed to read DnsConfig.
[1115/074834.524:WARNING:dns_config_service_win.cc(672)] Failed to read DnsConfig.
[1115/074839.546:WARNING:dns_config_service_win.cc(672)] Failed to read DnsConfig.
[1115/074844.573:WARNING:dns_config_service_win.cc(672)] Failed to read DnsConfig.
[1115/074849.591:WARNING:dns_config_service_win.cc(672)] Failed to read DnsConfig.
[1115/074854.614:WARNING:dns_config_service_win.cc(672)] Failed to read DnsConfig.
[1115/074859.632:WARNING:dns_config_service_win.cc(672)] Failed to read DnsConfig.
[1115/074904.653:WARNING:dns_config_service_win.cc(672)] Failed to read DnsConfig.
[1115/074909.675:WARNING:dns_config_service_win.cc(672)] Failed to read DnsConfig.
[1115/074914.693:WARNING:dns_config_service_win.cc(672)] Failed to read DnsConfig.
[1115/074919.717:WARNING:dns_config_service_win.cc(672)] Failed to read DnsConfig.
[1115/074924.739:WARNING:dns_config_service_win.cc(672)] Failed to read DnsConfig.
[1115/074929.762:WARNING:dns_config_service_win.cc(672)] Failed to read DnsConfig.
[1115/074934.783:WARNING:dns_config_service_win.cc(672)] Failed to read DnsConfig.
[1115/074939.811:WARNING:dns_config_service_win.cc(672)] Failed to read DnsConfig.
[1115/074944.836:WARNING:dns_config_service_win.cc(672)] Failed to read DnsConfig.
[1115/074949.926:WARNING:dns_config_service_win.cc(672)] Failed to read DnsConfig.
[1115/074954.940:WARNING:dns_config_service_win.cc(672)] Failed to read DnsConfig.
[1115/074959.969:WARNING:dns_config_service_win.cc(672)] Failed to read DnsConfig.
[1115/075004.994:WARNING:dns_config_service_win.cc(672)] Failed to read DnsConfig.
[1115/075010.011:WARNING:dns_config_service_win.cc(672)] Failed to read DnsConfig.
[1115/075015.029:WARNING:dns_config_service_win.cc(672)] Failed to read DnsConfig.
[1115/075020.050:WARNING:dns_config_service_win.cc(672)] Failed to read DnsConfig.
[1115/075025.058:WARNING:dns_config_service_win.cc(672)] Failed to read DnsConfig.
[1115/075030.085:WARNING:dns_config_service_win.cc(672)] Failed to read DnsConfig.
[1115/075035.102:WARNING:dns_config_service_win.cc(672)] Failed to read DnsConfig.
[1115/075040.111:WARNING:dns_config_service_win.cc(672)] Failed to read DnsConfig.
[1115/075045.129:WARNING:dns_config_service_win.cc(672)] Failed to read DnsConfig.
[1115/075050.156:WARNING:dns_config_service_win.cc(672)] Failed to read DnsConfig.
[1115/075055.171:WARNING:dns_config_service_win.cc(672)] Failed to read DnsConfig.
[1115/075100.206:WARNING:dns_config_service_win.cc(672)] Failed to read DnsConfig.
[1115/075105.234:WARNING:dns_config_service_win.cc(672)] Failed to read DnsConfig.
[1115/075107.962:WARNING:dns_config_service_win.cc(672)] Failed to read DnsConfig.
[1115/075108.021:WARNING:dns_config_service_win.cc(672)] Failed to read DnsConfig.
